

Started GET "/" for 127.0.0.1 at 2015-04-24 09:56:05 +0700
Processing by Rails::WelcomeController#index as HTML
  Rendered /home/nuspc/.rvm/gems/ruby-2.1.5/gems/railties-4.2.1/lib/rails/templates/rails/welcome/index.html.erb (1.8ms)
Completed 200 OK in 58ms (Views: 31.8ms | ActiveRecord: 0.0ms)


Started GET "/" for 127.0.0.1 at 2015-04-24 09:57:25 +0700
Processing by Rails::WelcomeController#index as HTML
  Rendered /home/nuspc/.rvm/gems/ruby-2.1.5/gems/railties-4.2.1/lib/rails/templates/rails/welcome/index.html.erb (0.0ms)
Completed 200 OK in 1ms (Views: 0.9ms | ActiveRecord: 0.0ms)


Started GET "/" for 127.0.0.1 at 2015-04-24 09:57:26 +0700
Processing by Rails::WelcomeController#index as HTML
  Rendered /home/nuspc/.rvm/gems/ruby-2.1.5/gems/railties-4.2.1/lib/rails/templates/rails/welcome/index.html.erb (0.0ms)
Completed 200 OK in 1ms (Views: 0.9ms | ActiveRecord: 0.0ms)


Started GET "/" for 127.0.0.1 at 2015-04-24 09:57:26 +0700
Processing by Rails::WelcomeController#index as HTML
  Rendered /home/nuspc/.rvm/gems/ruby-2.1.5/gems/railties-4.2.1/lib/rails/templates/rails/welcome/index.html.erb (0.1ms)
Completed 200 OK in 1ms (Views: 0.9ms | ActiveRecord: 0.0ms)


Started GET "/" for 127.0.0.1 at 2015-04-24 09:57:26 +0700
Processing by Rails::WelcomeController#index as HTML
  Rendered /home/nuspc/.rvm/gems/ruby-2.1.5/gems/railties-4.2.1/lib/rails/templates/rails/welcome/index.html.erb (0.0ms)
Completed 200 OK in 1ms (Views: 0.8ms | ActiveRecord: 0.0ms)
  [1m[36m (67.1ms)[0m  [1mCREATE TABLE `schema_migrations` (`version` varchar(255) NOT NULL) ENGINE=InnoDB[0m
  [1m[35m (225.8ms)[0m  CREATE UNIQUE INDEX `unique_schema_migrations`  ON `schema_migrations` (`version`) 
  [1m[36mActiveRecord::SchemaMigration Load (1.4ms)[0m  [1mSELECT `schema_migrations`.* FROM `schema_migrations`[0m
Migrating to CreateComments (20150424030221)
  [1m[35m (88.9ms)[0m  CREATE TABLE `comments` (`id` int(11) auto_increment PRIMARY KEY, `text` text) ENGINE=InnoDB
  [1m[36mSQL (0.1ms)[0m  [1mBEGIN[0m
  [1m[35mSQL (0.2ms)[0m  INSERT INTO `schema_migrations` (`version`) VALUES (?)  [["version", "20150424030221"]]
  [1m[36m (39.2ms)[0m  [1mCOMMIT[0m
Migrating to CreateArticles (20150424030324)
  [1m[35m (83.4ms)[0m  CREATE TABLE `articles` (`id` int(11) auto_increment PRIMARY KEY, `name` varchar(255), `text` text) ENGINE=InnoDB
  [1m[36mSQL (0.1ms)[0m  [1mBEGIN[0m
  [1m[35mSQL (0.1ms)[0m  INSERT INTO `schema_migrations` (`version`) VALUES (?)  [["version", "20150424030324"]]
  [1m[36m (32.4ms)[0m  [1mCOMMIT[0m
Migrating to CreateAuthors (20150424030340)
  [1m[35m (83.3ms)[0m  CREATE TABLE `authors` (`id` int(11) auto_increment PRIMARY KEY, `name` varchar(255)) ENGINE=InnoDB
  [1m[36mSQL (0.1ms)[0m  [1mBEGIN[0m
  [1m[35mSQL (0.1ms)[0m  INSERT INTO `schema_migrations` (`version`) VALUES (?)  [["version", "20150424030340"]]
  [1m[36m (32.4ms)[0m  [1mCOMMIT[0m
  [1m[35mActiveRecord::SchemaMigration Load (0.2ms)[0m  SELECT `schema_migrations`.* FROM `schema_migrations`
  [1m[36m (0.2ms)[0m  [1mSELECT fk.referenced_table_name as 'to_table'
      ,fk.referenced_column_name as 'primary_key'
      ,fk.column_name as 'column'
      ,fk.constraint_name as 'name'
FROM information_schema.key_column_usage fk
WHERE fk.referenced_column_name is not null
  AND fk.table_schema = 'newspaper'
  AND fk.table_name = 'articles'
[0m
  [1m[35m (0.1ms)[0m  SHOW CREATE TABLE `articles`
  [1m[36m (0.2ms)[0m  [1mSELECT fk.referenced_table_name as 'to_table'
      ,fk.referenced_column_name as 'primary_key'
      ,fk.column_name as 'column'
      ,fk.constraint_name as 'name'
FROM information_schema.key_column_usage fk
WHERE fk.referenced_column_name is not null
  AND fk.table_schema = 'newspaper'
  AND fk.table_name = 'authors'
[0m
  [1m[35m (0.1ms)[0m  SHOW CREATE TABLE `authors`
  [1m[36m (0.2ms)[0m  [1mSELECT fk.referenced_table_name as 'to_table'
      ,fk.referenced_column_name as 'primary_key'
      ,fk.column_name as 'column'
      ,fk.constraint_name as 'name'
FROM information_schema.key_column_usage fk
WHERE fk.referenced_column_name is not null
  AND fk.table_schema = 'newspaper'
  AND fk.table_name = 'comments'
[0m
  [1m[35m (0.1ms)[0m  SHOW CREATE TABLE `comments`
  [1m[36mActiveRecord::SchemaMigration Load (1.0ms)[0m  [1mSELECT `schema_migrations`.* FROM `schema_migrations`[0m
Migrating to AddArticleRefToComments (20150424030502)
  [1m[35m (196.8ms)[0m  ALTER TABLE `comments` ADD `article_id` int(11)
  [1m[36m (125.5ms)[0m  [1mCREATE  INDEX `index_comments_on_article_id`  ON `comments` (`article_id`) [0m
  [1m[35m (167.7ms)[0m  ALTER TABLE `comments` ADD CONSTRAINT `fk_rails_3bf61a60d3`
FOREIGN KEY (`article_id`)
  REFERENCES `articles` (`id`)

  [1m[36mSQL (0.1ms)[0m  [1mBEGIN[0m
  [1m[35mSQL (0.2ms)[0m  INSERT INTO `schema_migrations` (`version`) VALUES (?)  [["version", "20150424030502"]]
  [1m[36m (30.4ms)[0m  [1mCOMMIT[0m
Migrating to AddAuthorRefToArticles (20150424030538)
  [1m[35m (177.5ms)[0m  ALTER TABLE `articles` ADD `author_id` int(11)
  [1m[36m (150.3ms)[0m  [1mCREATE  INDEX `index_articles_on_author_id`  ON `articles` (`author_id`) [0m
  [1m[35m (167.7ms)[0m  ALTER TABLE `articles` ADD CONSTRAINT `fk_rails_e74ce85cbc`
FOREIGN KEY (`author_id`)
  REFERENCES `authors` (`id`)

  [1m[36mSQL (0.1ms)[0m  [1mBEGIN[0m
  [1m[35mSQL (0.1ms)[0m  INSERT INTO `schema_migrations` (`version`) VALUES (?)  [["version", "20150424030538"]]
  [1m[36m (32.2ms)[0m  [1mCOMMIT[0m
  [1m[35mActiveRecord::SchemaMigration Load (0.2ms)[0m  SELECT `schema_migrations`.* FROM `schema_migrations`
  [1m[36m (0.2ms)[0m  [1mSELECT fk.referenced_table_name as 'to_table'
      ,fk.referenced_column_name as 'primary_key'
      ,fk.column_name as 'column'
      ,fk.constraint_name as 'name'
FROM information_schema.key_column_usage fk
WHERE fk.referenced_column_name is not null
  AND fk.table_schema = 'newspaper'
  AND fk.table_name = 'articles'
[0m
  [1m[35m (0.1ms)[0m  SHOW CREATE TABLE `articles`
  [1m[36m (0.2ms)[0m  [1mSELECT fk.referenced_table_name as 'to_table'
      ,fk.referenced_column_name as 'primary_key'
      ,fk.column_name as 'column'
      ,fk.constraint_name as 'name'
FROM information_schema.key_column_usage fk
WHERE fk.referenced_column_name is not null
  AND fk.table_schema = 'newspaper'
  AND fk.table_name = 'authors'
[0m
  [1m[35m (0.1ms)[0m  SHOW CREATE TABLE `authors`
  [1m[36m (0.2ms)[0m  [1mSELECT fk.referenced_table_name as 'to_table'
      ,fk.referenced_column_name as 'primary_key'
      ,fk.column_name as 'column'
      ,fk.constraint_name as 'name'
FROM information_schema.key_column_usage fk
WHERE fk.referenced_column_name is not null
  AND fk.table_schema = 'newspaper'
  AND fk.table_name = 'comments'
[0m
  [1m[35m (0.1ms)[0m  SHOW CREATE TABLE `comments`
